app/build/intermediates/manifest_merge_blame_file/debug/processDebugMainManifest/manifest-merger-blame-debug-report.txt
1<?xml version="1.0" encoding="utf-8"?>
2<manifest xmlns:android="http://schemas.android.com/apk/res/android"
3    package="com.example.nfc"
4    android:versionCode="1"
5    android:versionName="1.0" >
6
7    <uses-sdk
8        android:minSdkVersion="24"
9        android:targetSdkVersion="34" />
10
11    <uses-permission android:name="android.permission.NFC" />
11-->src/main/AndroidManifest.xml:5:5-61
11-->src/main/AndroidManifest.xml:5:22-59
12    <uses-permission android:name="android.permission.READ_EXTERNAL_STORAGE" />
12-->src/main/AndroidManifest.xml:6:5-79
12-->src/main/AndroidManifest.xml:6:22-77
13    <uses-permission android:name="android.permission.WRITE_EXTERNAL_STORAGE" />
13-->src/main/AndroidManifest.xml:7:5-80
13-->src/main/AndroidManifest.xml:7:22-78
14
15    <uses-feature
15-->src/main/AndroidManifest.xml:8:5-80
16        android:name="android.hardware.nfc"
16-->src/main/AndroidManifest.xml:8:19-54
17        android:required="true" />
17-->src/main/AndroidManifest.xml:8:55-78
18
19    <permission
19-->[androidx.core:core:1.10.1] AndroidManifest.xml:22:5-24:47
20        android:name="com.example.nfc.DYNAMIC_RECEIVER_NOT_EXPORTED_PERMISSION"
20-->[androidx.core:core:1.10.1] AndroidManifest.xml:23:9-81
21        android:protectionLevel="signature" />
21-->[androidx.core:core:1.10.1] AndroidManifest.xml:24:9-44
22
23    <uses-permission android:name="com.example.nfc.DYNAMIC_RECEIVER_NOT_EXPORTED_PERMISSION" />
23-->[androidx.core:core:1.10.1] AndroidManifest.xml:26:5-97
23-->[androidx.core:core:1.10.1] AndroidManifest.xml:26:22-94
24
25    <application
25-->src/main/AndroidManifest.xml:10:5-32:19
26        android:allowBackup="true"
26-->src/main/AndroidManifest.xml:11:9-35
27        android:appComponentFactory="androidx.core.app.CoreComponentFactory"
27-->[androidx.core:core:1.10.1] AndroidManifest.xml:28:18-86
28        android:debuggable="true"
29        android:extractNativeLibs="false"
30        android:icon="@mipmap/ic_launcher"
30-->src/main/AndroidManifest.xml:12:9-43
31        android:label="@string/app_name"
31-->src/main/AndroidManifest.xml:13:9-41
32        android:roundIcon="@mipmap/ic_launcher_round"
32-->src/main/AndroidManifest.xml:14:9-54
33        android:supportsRtl="true"
33-->src/main/AndroidManifest.xml:15:9-35
34        android:testOnly="true"
35        android:theme="@style/Theme.MaterialComponents.DayNight.DarkActionBar" >
35-->src/main/AndroidManifest.xml:16:9-79
36        <activity
36-->src/main/AndroidManifest.xml:18:9-30:20
37            android:name="com.example.nfc.MainActivity"
37-->src/main/AndroidManifest.xml:19:13-41
38            android:exported="true" >
38-->src/main/AndroidManifest.xml:20:13-36
39            <intent-filter>
39-->src/main/AndroidManifest.xml:21:13-24:29
40                <action android:name="android.intent.action.MAIN" />
40-->src/main/AndroidManifest.xml:22:17-69
40-->src/main/AndroidManifest.xml:22:25-66
41
42                <category android:name="android.intent.category.LAUNCHER" />
42-->src/main/AndroidManifest.xml:23:17-77
42-->src/main/AndroidManifest.xml:23:27-74
43            </intent-filter>
44            <intent-filter>
44-->src/main/AndroidManifest.xml:25:13-29:29
45                <action android:name="android.nfc.action.NDEF_DISCOVERED" />
45-->src/main/AndroidManifest.xml:26:17-77
45-->src/main/AndroidManifest.xml:26:25-74
46
47                <category android:name="android.intent.category.DEFAULT" />
47-->src/main/AndroidManifest.xml:27:17-76
47-->src/main/AndroidManifest.xml:27:27-73
48
49                <data android:mimeType="*/*" />
49-->src/main/AndroidManifest.xml:28:17-48
49-->src/main/AndroidManifest.xml:28:23-45
50            </intent-filter>
51        </activity>
52        <activity
52-->[androidx.compose.ui:ui-tooling-android:1.5.0] AndroidManifest.xml:23:9-25:39
53            android:name="androidx.compose.ui.tooling.PreviewActivity"
53-->[androidx.compose.ui:ui-tooling-android:1.5.0] AndroidManifest.xml:24:13-71
54            android:exported="true" />
54-->[androidx.compose.ui:ui-tooling-android:1.5.0] AndroidManifest.xml:25:13-36
55        <activity
55-->[androidx.compose.ui:ui-test-manifest:1.5.0] AndroidManifest.xml:23:9-25:39
56            android:name="androidx.activity.ComponentActivity"
56-->[androidx.compose.ui:ui-test-manifest:1.5.0] AndroidManifest.xml:24:13-63
57            android:exported="true" />
57-->[androidx.compose.ui:ui-test-manifest:1.5.0] AndroidManifest.xml:25:13-36
58
59        <provider
59-->[androidx.emoji2:emoji2:1.4.0] AndroidManifest.xml:24:9-32:20
60            android:name="androidx.startup.InitializationProvider"
60-->[androidx.emoji2:emoji2:1.4.0] AndroidManifest.xml:25:13-67
61            android:authorities="com.example.nfc.androidx-startup"
61-->[androidx.emoji2:emoji2:1.4.0] AndroidManifest.xml:26:13-68
62            android:exported="false" >
62-->[androidx.emoji2:emoji2:1.4.0] AndroidManifest.xml:27:13-37
63            <meta-data
63-->[androidx.emoji2:emoji2:1.4.0] AndroidManifest.xml:29:13-31:52
64                android:name="androidx.emoji2.text.EmojiCompatInitializer"
64-->[androidx.emoji2:emoji2:1.4.0] AndroidManifest.xml:30:17-75
65                android:value="androidx.startup" />
65-->[androidx.emoji2:emoji2:1.4.0] AndroidManifest.xml:31:17-49
66            <meta-data
66-->[androidx.lifecycle:lifecycle-process:2.6.1] AndroidManifest.xml:29:13-31:52
67                android:name="androidx.lifecycle.ProcessLifecycleInitializer"
67-->[androidx.lifecycle:lifecycle-process:2.6.1] AndroidManifest.xml:30:17-78
68                android:value="androidx.startup" />
68-->[androidx.lifecycle:lifecycle-process:2.6.1] AndroidManifest.xml:31:17-49
69            <meta-data
69-->[androidx.profileinstaller:profileinstaller:1.3.0] AndroidManifest.xml:29:13-31:52
70                android:name="androidx.profileinstaller.ProfileInstallerInitializer"
70-->[androidx.profileinstaller:profileinstaller:1.3.0] AndroidManifest.xml:30:17-85
71                android:value="androidx.startup" />
71-->[androidx.profileinstaller:profileinstaller:1.3.0] AndroidManifest.xml:31:17-49
72        </provider>
73
74        <receiver
74-->[androidx.profileinstaller:profileinstaller:1.3.0] AndroidManifest.xml:34:9-52:20
75            android:name="androidx.profileinstaller.ProfileInstallReceiver"
75-->[androidx.profileinstaller:profileinstaller:1.3.0] AndroidManifest.xml:35:13-76
76            android:directBootAware="false"
76-->[androidx.profileinstaller:profileinstaller:1.3.0] AndroidManifest.xml:36:13-44
77            android:enabled="true"
77-->[androidx.profileinstaller:profileinstaller:1.3.0] AndroidManifest.xml:37:13-35
78            android:exported="true"
78-->[androidx.profileinstaller:profileinstaller:1.3.0] AndroidManifest.xml:38:13-36
79            android:permission="android.permission.DUMP" >
79-->[androidx.profileinstaller:profileinstaller:1.3.0] AndroidManifest.xml:39:13-57
80            <intent-filter>
80-->[androidx.profileinstaller:profileinstaller:1.3.0] AndroidManifest.xml:40:13-42:29
81                <action android:name="androidx.profileinstaller.action.INSTALL_PROFILE" />
81-->[androidx.profileinstaller:profileinstaller:1.3.0] AndroidManifest.xml:41:17-91
81-->[androidx.profileinstaller:profileinstaller:1.3.0] AndroidManifest.xml:41:25-88
82            </intent-filter>
83            <intent-filter>
83-->[androidx.profileinstaller:profileinstaller:1.3.0] AndroidManifest.xml:43:13-45:29
84                <action android:name="androidx.profileinstaller.action.SKIP_FILE" />
84-->[androidx.profileinstaller:profileinstaller:1.3.0] AndroidManifest.xml:44:17-85
84-->[androidx.profileinstaller:profileinstaller:1.3.0] AndroidManifest.xml:44:25-82
85            </intent-filter>
86            <intent-filter>
86-->[androidx.profileinstaller:profileinstaller:1.3.0] AndroidManifest.xml:46:13-48:29
87                <action android:name="androidx.profileinstaller.action.SAVE_PROFILE" />
87-->[androidx.profileinstaller:profileinstaller:1.3.0] AndroidManifest.xml:47:17-88
87-->[androidx.profileinstaller:profileinstaller:1.3.0] AndroidManifest.xml:47:25-85
88            </intent-filter>
89            <intent-filter>
89-->[androidx.profileinstaller:profileinstaller:1.3.0] AndroidManifest.xml:49:13-51:29
90                <action android:name="androidx.profileinstaller.action.BENCHMARK_OPERATION" />
90-->[androidx.profileinstaller:profileinstaller:1.3.0] AndroidManifest.xml:50:17-95
90-->[androidx.profileinstaller:profileinstaller:1.3.0] AndroidManifest.xml:50:25-92
91            </intent-filter>
92        </receiver>
93    </application>
94
95</manifest>